This is pdfTeX, Version 3.141592653-2.6-1.40.23 (TeX Live 2021) (preloaded format=pdflatex 2021.9.30)  30 MAR 2022 03:17
entering extended mode
 \write18 enabled.
 %&-line parsing enabled.
**formatting-instructions-latex.tex
(./formatting-instructions-latex.tex
LaTeX2e <2021-06-01> patch level 1
L3 programming layer <2021-07-12> (/usr/local/texlive/2021/texmf-dist/tex/latex/base/article.cls
Document Class: article 2021/02/12 v1.4n Standard LaTeX document class
(/usr/local/texlive/2021/texmf-dist/tex/latex/base/size10.clo
File: size10.clo 2021/02/12 v1.4n Standard LaTeX file (size option)
)
\c@part=\count182
\c@section=\count183
\c@subsection=\count184
\c@subsubsection=\count185
\c@paragraph=\count186
\c@subparagraph=\count187
\c@figure=\count188
\c@table=\count189
\abovecaptionskip=\skip47
\belowcaptionskip=\skip48
\bibindent=\dimen138
) (./flairs.sty
Conference Style for FLAIRS for LaTeX 2e -- version for the FLAIRS conference
\titlebox=\skip49
) (/usr/local/texlive/2021/texmf-dist/tex/latex/psnfss/times.sty
Package: times 2020/03/25 PSNFSS-v9.3 (SPQR) 
) (/usr/local/texlive/2021/texmf-dist/tex/latex/psnfss/helvet.sty
Package: helvet 2020/03/25 PSNFSS-v9.3 (WaS) 
(/usr/local/texlive/2021/texmf-dist/tex/latex/graphics/keyval.sty
Package: keyval 2014/10/28 v1.15 key=value parser (DPC)
\KV@toks@=\toks16
)) (/usr/local/texlive/2021/texmf-dist/tex/latex/psnfss/courier.sty
Package: courier 2020/03/25 PSNFSS-v9.3 (WaS) 
)
LaTeX Font Info:    Trying to load font information for OT1+ptm on input line 14.
(/usr/local/texlive/2021/texmf-dist/tex/latex/psnfss/ot1ptm.fd
File: ot1ptm.fd 2001/06/04 font definitions for OT1/ptm.
) (/usr/local/texlive/2021/texmf-dist/tex/latex/l3backend/l3backend-pdftex.def
File: l3backend-pdftex.def 2021-07-12 L3 backend support: PDF output (pdfTeX)
\l__color_backend_stack_int=\count190
\l__pdf_internal_box=\box50
) (/compile/output.aux)
\openout1 = `output.aux'.

LaTeX Font Info:    Checking defaults for OML/cmm/m/it on input line 14.
LaTeX Font Info:    ... okay on input line 14.
LaTeX Font Info:    Checking defaults for OMS/cmsy/m/n on input line 14.
LaTeX Font Info:    ... okay on input line 14.
LaTeX Font Info:    Checking defaults for OT1/cmr/m/n on input line 14.
LaTeX Font Info:    ... okay on input line 14.
LaTeX Font Info:    Checking defaults for T1/cmr/m/n on input line 14.
LaTeX Font Info:    ... okay on input line 14.
LaTeX Font Info:    Checking defaults for TS1/cmr/m/n on input line 14.
LaTeX Font Info:    ... okay on input line 14.
LaTeX Font Info:    Checking defaults for OMX/cmex/m/n on input line 14.
LaTeX Font Info:    ... okay on input line 14.
LaTeX Font Info:    Checking defaults for U/cmr/m/n on input line 14.
LaTeX Font Info:    ... okay on input line 14.
LaTeX Font Info:    External font `cmex10' loaded for size
(Font)              <14.4> on input line 25.
LaTeX Font Info:    External font `cmex10' loaded for size
(Font)              <7> on input line 25.
LaTeX Font Info:    External font `cmex10' loaded for size
(Font)              <5> on input line 25.
LaTeX Font Info:    Trying to load font information for TS1+ptm on input line 25.
(/usr/local/texlive/2021/texmf-dist/tex/latex/psnfss/ts1ptm.fd
File: ts1ptm.fd 2001/06/04 font definitions for TS1/ptm.
) [1{/usr/local/texlive/2021/texmf-var/fonts/map/pdftex/updmap/pdftex.map}



]
LaTeX Font Info:    External font `cmex10' loaded for size
(Font)              <12> on input line 89.
LaTeX Font Info:    External font `cmex10' loaded for size
(Font)              <8> on input line 89.
LaTeX Font Info:    External font `cmex10' loaded for size
(Font)              <6> on input line 89.
LaTeX Font Info:    Trying to load font information for OMS+ptm on input line 102.
(/usr/local/texlive/2021/texmf-dist/tex/latex/psnfss/omsptm.fd
File: omsptm.fd 
)
LaTeX Font Info:    Font shape `OMS/ptm/m/n' in size <9> not available
(Font)              Font shape `OMS/cmsy/m/n' tried instead on input line 102.
LaTeX Font Info:    External font `cmex10' loaded for size
(Font)              <9> on input line 111.

Underfull \hbox (badness 10000) in paragraph at lines 102--141
\OMS/cmsy/m/n/9 n\OT1/ptm/m/n/9 setlength\OMS/cmsy/m/n/9 fn\OT1/ptm/m/n/9 pdfpagewidth\OMS/cmsy/m/n/9 gf\OT1/ptm/m/n/9 8.5in\OMS/cmsy/m/n/9 g
 []

LaTeX Font Info:    External font `cmex10' loaded for size
(Font)              <10.95> on input line 143.
[2]
Underfull \hbox (badness 10000) in paragraph at lines 158--165

 []

LaTeX Font Info:    Font shape `OMS/ptm/m/n' in size <10> not available
(Font)              Font shape `OMS/cmsy/m/n' tried instead on input line 182.

Underfull \hbox (badness 3333) in paragraph at lines 202--206
[]\OT1/ptm/m/n/10 This com-mand is usu-ally suf-fi-cient to change the
 []


Underfull \hbox (badness 3965) in paragraph at lines 202--206
\OT1/ptm/m/n/10 for-mat. Some-times, how-ever, it may not work. Use
 []


Underfull \hbox (badness 1087) in paragraph at lines 214--218
\OMS/cmsy/m/n/10 n\OT1/ptm/m/n/10 abovedisplayskip, \OMS/cmsy/m/n/10 n\OT1/ptm/m/n/10 belowdisplayskip, and \OMS/cmsy/m/n/10 n\OT1/ptm/m/n/10 arraycolsep.
 []


Underfull \hbox (badness 2035) in paragraph at lines 219--220
\OT1/ptm/m/n/10 in-clude \OMS/cmsy/m/n/10 n\OT1/ptm/m/n/10 columnsep, \OMS/cmsy/m/n/10 n\OT1/ptm/m/n/10 topmargin, \OMS/cmsy/m/n/10 n\OT1/ptm/m/n/10 topskip, \OMS/cmsy/m/n/10 n\OT1/ptm/m/n/10 textheight,
 []

[3]
Underfull \hbox (badness 1264) in paragraph at lines 239--241
 \OT1/ptm/b/n/10 Ob-tain-ing Type 1 Com-puter Mod-ern for L[]T[]X. \OT1/ptm/m/n/10 If
 []


Underfull \hbox (badness 1281) in paragraph at lines 239--241
\OT1/ptm/m/n/10 pa-per (you can-not use it for the text) you may need
 []


Underfull \hbox (badness 1092) in paragraph at lines 292--295
\OT1/ptm/m/n/10 If the ti-tle and au-thor in-for-ma-tion does not fit in the
 []

LaTeX Font Info:    Trying to load font information for OT1+pcr on input line 297.
(/usr/local/texlive/2021/texmf-dist/tex/latex/psnfss/ot1pcr.fd
File: ot1pcr.fd 2001/06/04 font definitions for OT1/pcr.
)
Underfull \hbox (badness 1231) in paragraph at lines 297--300
\OT1/ptm/m/n/10 The copy-right no-tice au-to-mat-i-cally ap-pears if you use
 []

[4]
Underfull \hbox (badness 3209) in paragraph at lines 348--349
 \OT1/ptm/b/n/10 Sec-tion Head-ings. \OT1/ptm/m/n/10 Sec-tions should be ar-ranged and
 []


Underfull \hbox (badness 1248) in paragraph at lines 351--352
\OT1/ptm/m/n/10 ``Ac-knowl-edg-ments." This sec-tion in-cludes ac-knowl-edg-
 []


Underfull \hbox (badness 2158) in paragraph at lines 354--355
 \OT1/ptm/b/n/10 Ap-pen-dices. \OT1/ptm/m/n/10 Any ap-pen-dices fol-low the ac-knowl-edg-
 []


Underfull \hbox (badness 2035) in paragraph at lines 357--358
 \OT1/ptm/b/n/10 Ref-er-ences \OT1/ptm/m/n/10 The ref-er-ences sec-tion should be la-beled
 []


Underfull \hbox (badness 10000) in paragraph at lines 365--366
 \OT1/ptm/b/n/10 Low-Resolution Bitmaps. \OT1/ptm/m/n/10 You may not use low-
 []


Underfull \hbox (badness 5403) in paragraph at lines 365--366
\OT1/ptm/m/n/10 resolution (such as 72 dpi) screen-dumps and GIF
 []

[5]
Underfull \hbox (badness 10000) in paragraph at lines 390--393
[]\OMS/cmsy/m/n/9 n\OT1/ptm/m/n/9 bibliographystyle\OMS/cmsy/m/n/9 f\OT1/ptm/m/n/9 flairs\OMS/cmsy/m/n/9 g
 []

[6]
Underfull \hbox (badness 1028) in paragraph at lines 483--484
\OT1/ptm/m/n/10 L[]T[]X is a dif-fi-cult pro-gram to mas-ter. If you've used
 []


Underfull \hbox (badness 1389) in paragraph at lines 483--484
\OT1/ptm/m/n/10 that soft-ware, and this doc-u-ment didn't help or some
 []


Underfull \hbox (badness 1087) in paragraph at lines 483--484
\OT1/ptm/m/n/10 2002/08/13) about ob-tain-ing cor-rect PS/PDF out-put on
 []

[7] [8

] (/compile/output.aux) ) 
Here is how much of TeX's memory you used:
 683 strings out of 478542
 11520 string characters out of 5850413
 318793 words of memory out of 5000000
 18643 multiletter control sequences out of 15000+600000
 432719 words of font info for 78 fonts, out of 8000000 for 9000
 1141 hyphenation exceptions out of 8191
 42i,11n,52p,922b,259s stack positions out of 5000i,500n,10000p,200000b,80000s
{/usr/local/texlive/2021/texmf-dist/fonts/enc/dvips/base/8r.enc}</usr/local/texlive/2021/texmf-dist/fonts/type1/public/amsfonts/cm/cmsy10.pfb></usr/local/texlive/2021/texmf-dist/fonts/type1/public/amsfonts/cm/cmsy9.pfb></usr/local/texlive/2021/texmf-dist/fonts/type1/urw/courier/ucrr8a.pfb></usr/local/texlive/2021/texmf-dist/fonts/type1/urw/times/utmb8a.pfb></usr/local/texlive/2021/texmf-dist/fonts/type1/urw/times/utmr8a.pfb></usr/local/texlive/2021/texmf-dist/fonts/type1/urw/times/utmri8a.pfb>
Output written on /compile/output.pdf (8 pages, 107426 bytes).
PDF statistics:
 62 PDF objects out of 1000 (max. 8388607)
 39 compressed objects within 1 object stream
 0 named destinations out of 1000 (max. 500000)
 1 words of extra memory for PDF output out of 10000 (max. 10000000)

